<?xml version="1.0" encoding="UTF-8"?>
<!-- Generated by org.testng.reporters.JUnitReportReporter -->
<testsuite hostname="DESKTOP-99M7JDM" failures="0" tests="2" name="testng.tests" time="44.640" errors="0" timestamp="2023-09-26T23:18:24 PDT" skipped="0">
  <testcase classname="testng.tests" name="test" time="23.853"/>
  <testcase classname="testng.tests" name="test2" time="20.787"/>
</testsuite> <!-- testng.tests -->
